<?xml version="1.0" encoding="UTF-8"?>
<testng-results skipped="0" failed="0" ignored="0" total="1" passed="1">
  <reporter-output>
  </reporter-output>
  <suite name="Surefire suite" duration-ms="13356" started-at="2020-11-26T16:18:23Z" finished-at="2020-11-26T16:18:36Z">
    <groups>
    </groups>
    <test name="Surefire test" duration-ms="13356" started-at="2020-11-26T16:18:23Z" finished-at="2020-11-26T16:18:36Z">
      <class name="tests.ProductActionsTest">
        <test-method status="PASS" signature="setUp2()[pri:0, instance:tests.ProductActionsTest@75ed9710]" name="setUp2" is-config="true" duration-ms="4518" started-at="2020-11-26T16:18:23Z" finished-at="2020-11-26T16:18:27Z">
          <reporter-output>
          </reporter-output>
        </test-method> <!-- setUp2 -->
        <test-method status="PASS" signature="setUp()[pri:0, instance:tests.ProductActionsTest@75ed9710]" name="setUp" is-config="true" duration-ms="2184" started-at="2020-11-26T16:18:27Z" finished-at="2020-11-26T16:18:29Z">
          <reporter-output>
          </reporter-output>
        </test-method> <!-- setUp -->
        <test-method status="PASS" signature="homePageTest()[pri:0, instance:tests.ProductActionsTest@75ed9710]" name="homePageTest" duration-ms="5747" started-at="2020-11-26T16:18:29Z" finished-at="2020-11-26T16:18:35Z">
          <reporter-output>
          </reporter-output>
        </test-method> <!-- homePageTest -->
        <test-method status="PASS" signature="close()[pri:0, instance:tests.ProductActionsTest@75ed9710]" name="close" is-config="true" duration-ms="750" started-at="2020-11-26T16:18:35Z" finished-at="2020-11-26T16:18:36Z">
          <reporter-output>
          </reporter-output>
        </test-method> <!-- close -->
      </class> <!-- tests.ProductActionsTest -->
    </test> <!-- Surefire test -->
  </suite> <!-- Surefire suite -->
</testng-results>
