<?xml version="1.0" encoding="UTF-8"?>
<testng-results skipped="0" failed="0" ignored="0" total="1" passed="1">
  <reporter-output>
  </reporter-output>
  <suite name="Surefire suite" duration-ms="11684" started-at="2020-11-26T09:35:35Z" finished-at="2020-11-26T09:35:47Z">
    <groups>
    </groups>
    <test name="Surefire test" duration-ms="11684" started-at="2020-11-26T09:35:35Z" finished-at="2020-11-26T09:35:47Z">
      <class name="tests.ProductActionsTest">
        <test-method status="PASS" signature="setUp()[pri:0, instance:tests.ProductActionsTest@2fea7088]" name="setUp" is-config="true" duration-ms="6152" started-at="2020-11-26T09:35:36Z" finished-at="2020-11-26T09:35:42Z">
          <reporter-output>
          </reporter-output>
        </test-method> <!-- setUp -->
        <test-method status="PASS" signature="homePageTest()[pri:0, instance:tests.ProductActionsTest@2fea7088]" name="homePageTest" duration-ms="4724" started-at="2020-11-26T09:35:42Z" finished-at="2020-11-26T09:35:46Z">
          <reporter-output>
          </reporter-output>
        </test-method> <!-- homePageTest -->
        <test-method status="PASS" signature="close()[pri:0, instance:tests.ProductActionsTest@2fea7088]" name="close" is-config="true" duration-ms="684" started-at="2020-11-26T09:35:46Z" finished-at="2020-11-26T09:35:47Z">
          <reporter-output>
          </reporter-output>
        </test-method> <!-- close -->
      </class> <!-- tests.ProductActionsTest -->
    </test> <!-- Surefire test -->
  </suite> <!-- Surefire suite -->
</testng-results>
